<?xml version="1.0" encoding="UTF-8"?>
<!-- Generated by org.testng.reporters.JUnitXMLReporter -->
<testsuite ignored="3" hostname="DESKTOP-R4F0LPU" failures="0" tests="3" name="Test" time="0.141" errors="0" timestamp="2021-02-09T16:53:17 IST">
  <testcase classname="testNG.Grouping_test" name="accountNum" time="0.015"/>
  <testcase classname="testNG.Grouping_test" name="bankName" time="0.025"/>
  <testcase classname="testNG.Grouping_test" name="empId" time="0.005"/>
  <testcase classname="testNG.Grouping_test" name="empName" time="0.0">
    <ignored/>
  </testcase> <!-- empName -->
  <testcase classname="testNG.Grouping_test" name="mobileNum" time="0.0">
    <ignored/>
  </testcase> <!-- mobileNum -->
  <testcase classname="testNG.Grouping_test" name="address" time="0.0">
    <ignored/>
  </testcase> <!-- address -->
</testsuite> <!-- Test -->
